<?xml version="1.0" encoding="UTF-8"?>
<testsuite name="zoogame.domains.DomainTest" tests="3" skipped="0" failures="0" errors="0" timestamp="2025-10-21T23:50:17" hostname="SUPERSTAR" time="0.033">
  <properties/>
  <testcase name="afterAnimalIsAdded()" classname="zoogame.domains.DomainTest" time="0.024"/>
  <testcase name="defaultConstructorValues()" classname="zoogame.domains.DomainTest" time="0.001"/>
  <testcase name="afterAnimalIsDeleted()" classname="zoogame.domains.DomainTest" time="0.004"/>
  <system-out><![CDATA[]]></system-out>
  <system-err><![CDATA[]]></system-err>
</testsuite>
